<?xml version="1.0" encoding="UTF-8"?>
<coverage generated="1602858911189" clover="3.2.0">
  <project timestamp="1602858911190" name="All files">
    <metrics statements="9" coveredstatements="9" conditionals="6" coveredconditionals="6" methods="3" coveredmethods="3" elements="18" coveredelements="18" complexity="0" loc="9" ncloc="9" packages="1" files="1" classes="1"/>
    <file name="index.ts" path="/home/daenr/Projects/index/checkEleven/src/index.ts">
      <metrics statements="9" coveredstatements="9" conditionals="6" coveredconditionals="6" methods="3" coveredmethods="3"/>
      <line num="7" count="1" type="stmt"/>
      <line num="9" count="7" type="stmt"/>
      <line num="12" count="7" type="stmt"/>
      <line num="24" count="1" type="stmt"/>
      <line num="26" count="9" type="cond" truecount="4" falsecount="0"/>
      <line num="27" count="3" type="stmt"/>
      <line num="32" count="6" type="stmt"/>
      <line num="33" count="54" type="cond" truecount="2" falsecount="0"/>
      <line num="36" count="1" type="stmt"/>
    </file>
  </project>
</coverage>
