{"/home/daenr/Projects/index/checkEleven/src/index.ts": {"path":"/home/daenr/Projects/index/checkEleven/src/index.ts","statementMap":{"0":{"start":{"line":9,"column":23},"end":{"line":9,"column":47}},"1":{"start":{"line":12,"column":2},"end":{"line":14,"column":17}},"2":{"start":{"line":7,"column":0},"end":{"line":7,"column":16}},"3":{"start":{"line":26,"column":2},"end":{"line":28,"column":null}},"4":{"start":{"line":27,"column":4},"end":{"line":27,"column":17}},"5":{"start":{"line":32,"column":2},"end":{"line":33,"column":73}},"6":{"start":{"line":33,"column":25},"end":{"line":33,"column":57}},"7":{"start":{"line":24,"column":0},"end":{"line":24,"column":16}},"8":{"start":{"line":36,"column":0},"end":{"line":36,"column":21}}},"fnMap":{"0":{"name":"arrayFromNumber","decl":{"start":{"line":7,"column":16},"end":{"line":7,"column":31}},"loc":{"start":{"line":7,"column":53},"end":{"line":15,"column":1}}},"1":{"name":"check","decl":{"start":{"line":24,"column":16},"end":{"line":24,"column":21}},"loc":{"start":{"line":24,"column":42},"end":{"line":34,"column":1}}},"2":{"name":"(anonymous_2)","decl":{"start":{"line":33,"column":12},"end":{"line":33,"column":13}},"loc":{"start":{"line":33,"column":25},"end":{"line":33,"column":57}}}},"branchMap":{"0":{"loc":{"start":{"line":26,"column":2},"end":{"line":28,"column":null}},"type":"if","locations":[{"start":{"line":26,"column":2},"end":{"line":28,"column":null}},{"start":{"line":26,"column":2},"end":{"line":28,"column":null}}]},"1":{"loc":{"start":{"line":26,"column":6},"end":{"line":26,"column":29}},"type":"binary-expr","locations":[{"start":{"line":26,"column":6},"end":{"line":26,"column":29}},{"start":{"line":26,"column":33},"end":{"line":26,"column":57}}]},"2":{"loc":{"start":{"line":33,"column":45},"end":{"line":33,"column":50}},"type":"cond-expr","locations":[{"start":{"line":33,"column":45},"end":{"line":33,"column":50}},{"start":{"line":33,"column":53},"end":{"line":33,"column":55}}]}},"s":{"0":7,"1":7,"2":1,"3":9,"4":3,"5":6,"6":54,"7":1,"8":1},"f":{"0":7,"1":9,"2":54},"b":{"0":[3,6],"1":[9,7],"2":[48,6]}}
}
